<?xml version="1.0" encoding="UTF-8"?>
<!-- Generated by org.testng.reporters.JUnitXMLReporter -->
<testsuite ignored="0" hostname="DESKTOP-MO9T5HV" failures="0" tests="3" name="Test" time="71.223" errors="0" timestamp="2021-12-13T23:44:09 COT">
  <testcase classname="com.proyect.pom.Alert_Test" name="test" time="20.132"/>
  <testcase classname="com.proyect.pom.Register_test" name="test" time="7.493"/>
  <testcase classname="com.proyect.pom.Date_Test" name="test" time="13.85"/>
</testsuite> <!-- Test -->
